<?xml version="1.0" encoding="UTF-8"?>
<testsuite name="TestSuite" time="6.361" tests="10" errors="0" skipped="0" failures="0">
  <properties>
    <property name="java.runtime.name" value="Java(TM) SE Runtime Environment"/>
    <property name="sun.boot.library.path" value="E:\Girish-GK00428336\Java_Home\jre\bin"/>
    <property name="java.vm.version" value="25.111-b14"/>
    <property name="java.vm.vendor" value="Oracle Corporation"/>
    <property name="maven.multiModuleProjectDirectory" value="E:\Girish-GK00428336\Jenkins_Home\workspace\nms_integration_functional_testing\nms-test"/>
    <property name="java.vendor.url" value="http://java.oracle.com/"/>
    <property name="path.separator" value=";"/>
    <property name="guice.disable.misplaced.annotation.check" value="true"/>
    <property name="java.vm.name" value="Java HotSpot(TM) 64-Bit Server VM"/>
    <property name="file.encoding.pkg" value="sun.io"/>
    <property name="user.script" value=""/>
    <property name="user.country" value="US"/>
    <property name="sun.java.launcher" value="SUN_STANDARD"/>
    <property name="sun.os.patch.level" value=""/>
    <property name="java.vm.specification.name" value="Java Virtual Machine Specification"/>
    <property name="user.dir" value="E:\Girish-GK00428336\Jenkins_Home\workspace\nms_integration_functional_testing\nms-test"/>
    <property name="java.runtime.version" value="1.8.0_111-b14"/>
    <property name="java.awt.graphicsenv" value="sun.awt.Win32GraphicsEnvironment"/>
    <property name="java.endorsed.dirs" value="E:\Girish-GK00428336\Java_Home\jre\lib\endorsed"/>
    <property name="os.arch" value="amd64"/>
    <property name="java.io.tmpdir" value="C:\Users\GK0042~1\AppData\Local\Temp\"/>
    <property name="line.separator" value="&#10;"/>
    <property name="java.vm.specification.vendor" value="Oracle Corporation"/>
    <property name="user.variant" value=""/>
    <property name="os.name" value="Windows 10"/>
    <property name="classworlds.conf" value="E:\Girish-GK00428336\Softwaresz\Maven\apache-maven-3.3.9\bin\..\bin\m2.conf"/>
    <property name="sun.jnu.encoding" value="Cp1252"/>
    <property name="java.library.path" value="E:\Girish-GK00428336\Java_Home\bin;C:\WINDOWS\Sun\Java\bin;C:\WINDOWS\system32;C:\WINDOWS;C:\WINDOWS\system32;C:\WINDOWS;C:\WINDOWS\System32\Wbem;C:\WINDOWS\System32\WindowsPowerShell\v1.0\;E:\Girish-GK00428336\Java_Home\bin;E:\Girish-GK00428336\Softwaresz\Git\cmd;E:\Girish-GK00428336\Softwaresz\Maven\apache-maven-3.3.9\bin;E:\Girish-GK00428336\Softwaresz\cURL\curl-7.51.0\src;E:\Girish-GK00428336\chef\chefdk\chefdk\bin;E:\Girish-GK00428336\chef\chef-repo\.chef;C:\Program Files\MySQL\MySQL Utilities 1.6\;E:\Girish-GK00428336\Softwaresz\gradle-4.4.1-bin\gradle-4.4.1\bin;E:\Girish-GK00428336\Vagrant\VagrantPF\bin;E:\Girish-GK00428336\Softwaresz\PuTTY;C:\WINDOWS\system32\config\systemprofile\.dnx\bin;C:\Program Files\Microsoft DNX\Dnvm\;C:\Program Files (x86)\MSBuild\14.0\Bin\;E:\Girish-GK00428336\Softwaresz\AWSCLI\;E:\Girish-GK00428336\Softwaresz\terraform_0.11.7_windows_amd64;E:\Girish-GK00428336\Softwaresz\Ant\bin;C:\Users\gk00428336\.dnx\runtimes\dnx-coreclr-win-x86.1.0.0-rc1-update2\bin;C:\Users\gk00428336\AppData\Local\Microsoft\WindowsApps;C:\Program Files\Docker Toolbox;%USERPROFILE%\AppData\Local\Microsoft\WindowsApps;;."/>
    <property name="java.specification.name" value="Java Platform API Specification"/>
    <property name="java.class.version" value="52.0"/>
    <property name="sun.management.compiler" value="HotSpot 64-Bit Tiered Compilers"/>
    <property name="os.version" value="10.0"/>
    <property name="user.home" value="C:\Users\gk00428336"/>
    <property name="user.timezone" value="Asia/Calcutta"/>
    <property name="java.awt.printerjob" value="sun.awt.windows.WPrinterJob"/>
    <property name="java.specification.version" value="1.8"/>
    <property name="file.encoding" value="Cp1252"/>
    <property name="user.name" value="GK00428336"/>
    <property name="java.class.path" value="E:\Girish-GK00428336\Softwaresz\Maven\apache-maven-3.3.9\bin\..\boot\plexus-classworlds-2.5.2.jar"/>
    <property name="java.vm.specification.version" value="1.8"/>
    <property name="sun.arch.data.model" value="64"/>
    <property name="java.home" value="E:\Girish-GK00428336\Java_Home\jre"/>
    <property name="sun.java.command" value="org.codehaus.plexus.classworlds.launcher.Launcher test"/>
    <property name="java.specification.vendor" value="Oracle Corporation"/>
    <property name="user.language" value="en"/>
    <property name="awt.toolkit" value="sun.awt.windows.WToolkit"/>
    <property name="java.vm.info" value="mixed mode"/>
    <property name="java.version" value="1.8.0_111"/>
    <property name="java.ext.dirs" value="E:\Girish-GK00428336\Java_Home\jre\lib\ext;C:\WINDOWS\Sun\Java\lib\ext"/>
    <property name="sun.boot.class.path" value="E:\Girish-GK00428336\Java_Home\jre\lib\resources.jar;E:\Girish-GK00428336\Java_Home\jre\lib\rt.jar;E:\Girish-GK00428336\Java_Home\jre\lib\sunrsasign.jar;E:\Girish-GK00428336\Java_Home\jre\lib\jsse.jar;E:\Girish-GK00428336\Java_Home\jre\lib\jce.jar;E:\Girish-GK00428336\Java_Home\jre\lib\charsets.jar;E:\Girish-GK00428336\Java_Home\jre\lib\jfr.jar;E:\Girish-GK00428336\Java_Home\jre\classes"/>
    <property name="sun.stderr.encoding" value="cp437"/>
    <property name="java.vendor" value="Oracle Corporation"/>
    <property name="maven.home" value="E:\Girish-GK00428336\Softwaresz\Maven\apache-maven-3.3.9\bin\.."/>
    <property name="file.separator" value="\"/>
    <property name="java.vendor.url.bug" value="http://bugreport.sun.com/bugreport/"/>
    <property name="sun.cpu.endian" value="little"/>
    <property name="sun.io.unicode.encoding" value="UnicodeLittle"/>
    <property name="sun.stdout.encoding" value="cp437"/>
    <property name="sun.desktop" value="windows"/>
    <property name="sun.cpu.isalist" value="amd64"/>
  </properties>
  <testcase name="testCase1" classname="test.nms.NewTest" time="0.012"/>
  <testcase name="testCase2" classname="test.nms.NewTest" time="0.535"/>
  <testcase name="testCase3" classname="test.nms.NewTest" time="2.289"/>
  <testcase name="testCase4" classname="test.nms.NewTest" time="0.039"/>
  <testcase name="testCase5" classname="test.nms.NewTest" time="0.152"/>
  <testcase name="testCase6" classname="test.nms.NewTest" time="0.103"/>
  <testcase name="testCase7" classname="test.nms.NewTest" time="0.219"/>
  <testcase name="testCase8" classname="test.nms.NewTest" time="0.196"/>
  <testcase name="testCase9" classname="test.nms.NewTest" time="2.474"/>
  <testcase name="testCase10" classname="test.nms.NewTest" time="0.342"/>
</testsuite>