<?xml version="1.0" encoding="UTF-8"?>
<!-- Generated by org.testng.reporters.JUnitReportReporter -->
<testsuite skipped="0" hostname="INBASDPC08374" name="test.nms.NewTest" tests="10" failures="0" timestamp="22 Nov 2018 05:06:28 GMT" time="581.497" errors="0">
  <testcase name="testCase1" time="0.014" classname="test.nms.NewTest"/>
  <testcase name="testCase2" time="127.478" classname="test.nms.NewTest"/>
  <testcase name="testCase3" time="150.385" classname="test.nms.NewTest"/>
  <testcase name="testCase4" time="0.049" classname="test.nms.NewTest"/>
  <testcase name="testCase5" time="0.516" classname="test.nms.NewTest"/>
  <testcase name="testCase6" time="0.171" classname="test.nms.NewTest"/>
  <testcase name="testCase7" time="0.681" classname="test.nms.NewTest"/>
  <testcase name="testCase8" time="0.270" classname="test.nms.NewTest"/>
  <testcase name="testCase9" time="154.150" classname="test.nms.NewTest"/>
  <testcase name="testCase10" time="147.783" classname="test.nms.NewTest"/>
</testsuite> <!-- test.nms.NewTest -->
